{"uid":"91289ef39dfd8115","name":"Verify if user able to register with special characters in username","fullName":"src/test/resources/features/01_DSAlgoRegister.feature:23","historyId":"578f930b884f41e68296ff366dafde3f","time":{"start":1724226332778,"stop":1724226344375,"duration":11597},"status":"failed","statusMessage":"expected [Please fill out this field.] but found []","statusTrace":"java.lang.AssertionError: expected [Please fill out this field.] but found []\n\tat org.testng.Assert.fail(Assert.java:111)\n\tat org.testng.Assert.failNotEquals(Assert.java:1578)\n\tat org.testng.Assert.assertEqualsImpl(Assert.java:150)\n\tat org.testng.Assert.assertEquals(Assert.java:132)\n\tat org.testng.Assert.assertEquals(Assert.java:656)\n\tat org.testng.Assert.assertEquals(Assert.java:666)\n\tat stepdefinition.DSalgoRegisterStepDefinition.the_user_should_see_error_msg_after_entering_invalid_data_in_username_field(DSalgoRegisterStepDefinition.java:136)\n\tat ✽.The user should see error msg after entering invalid data in username field(file:///Users/mathumathibalakrishnan/eclipse/Mathumathi_2024/cucumberdsAlgo/src/test/resources/features/01_DSAlgoRegister.feature:26)\n","flaky":false,"newFailed":false,"newBroken":false,"newPassed":false,"retriesCount":1,"retriesStatusChange":false,"beforeStages":[{"name":"hooks.hooks.setUp(io.cucumber.java.Scenario)","time":{"start":1724226332779,"stop":1724226337769,"duration":4990},"status":"passed","steps":[],"attachments":[],"parameters":[],"stepsCount":0,"hasContent":false,"shouldDisplayMessage":false,"attachmentsCount":0,"attachmentStep":false}],"testStage":{"status":"failed","statusMessage":"expected [Please fill out this field.] but found []","statusTrace":"java.lang.AssertionError: expected [Please fill out this field.] but found []\n\tat org.testng.Assert.fail(Assert.java:111)\n\tat org.testng.Assert.failNotEquals(Assert.java:1578)\n\tat org.testng.Assert.assertEqualsImpl(Assert.java:150)\n\tat org.testng.Assert.assertEquals(Assert.java:132)\n\tat org.testng.Assert.assertEquals(Assert.java:656)\n\tat org.testng.Assert.assertEquals(Assert.java:666)\n\tat stepdefinition.DSalgoRegisterStepDefinition.the_user_should_see_error_msg_after_entering_invalid_data_in_username_field(DSalgoRegisterStepDefinition.java:136)\n\tat ✽.The user should see error msg after entering invalid data in username field(file:///Users/mathumathibalakrishnan/eclipse/Mathumathi_2024/cucumberdsAlgo/src/test/resources/features/01_DSAlgoRegister.feature:26)\n","steps":[{"name":"Given  The user is on the new user registration page","time":{"start":1724226337772,"stop":1724226342231,"duration":4459},"status":"passed","steps":[],"attachments":[],"parameters":[],"stepsCount":0,"hasContent":false,"shouldDisplayMessage":false,"attachmentsCount":0,"attachmentStep":false},{"name":"When  The user clicks Register button after entering a username with spacebar characters","time":{"start":1724226342233,"stop":1724226343796,"duration":1563},"status":"passed","steps":[],"attachments":[],"parameters":[],"stepsCount":0,"hasContent":false,"shouldDisplayMessage":false,"attachmentsCount":0,"attachmentStep":false},{"name":"Then  The user should see error msg after entering invalid data in username field","time":{"start":1724226343798,"stop":1724226343981,"duration":183},"status":"failed","statusMessage":"expected [Please fill out this field.] but found []","statusTrace":"java.lang.AssertionError: expected [Please fill out this field.] but found []\n\tat org.testng.Assert.fail(Assert.java:111)\n\tat org.testng.Assert.failNotEquals(Assert.java:1578)\n\tat org.testng.Assert.assertEqualsImpl(Assert.java:150)\n\tat org.testng.Assert.assertEquals(Assert.java:132)\n\tat org.testng.Assert.assertEquals(Assert.java:656)\n\tat org.testng.Assert.assertEquals(Assert.java:666)\n\tat stepdefinition.DSalgoRegisterStepDefinition.the_user_should_see_error_msg_after_entering_invalid_data_in_username_field(DSalgoRegisterStepDefinition.java:136)\n\tat ✽.The user should see error msg after entering invalid data in username field(file:///Users/mathumathibalakrishnan/eclipse/Mathumathi_2024/cucumberdsAlgo/src/test/resources/features/01_DSAlgoRegister.feature:26)\n","steps":[],"attachments":[],"parameters":[],"stepsCount":0,"hasContent":true,"shouldDisplayMessage":true,"attachmentsCount":0,"attachmentStep":false}],"attachments":[],"parameters":[],"stepsCount":3,"hasContent":true,"shouldDisplayMessage":false,"attachmentsCount":0,"attachmentStep":false},"afterStages":[{"name":"hooks.hooks.tearDown(io.cucumber.java.Scenario)","time":{"start":1724226343992,"stop":1724226344373,"duration":381},"status":"passed","steps":[],"attachments":[],"parameters":[],"stepsCount":0,"hasContent":false,"shouldDisplayMessage":false,"attachmentsCount":0,"attachmentStep":false}],"labels":[{"name":"tag","value":"sanity"},{"name":"tag","value":"regression"},{"name":"host","value":"Dheenathayalans-MacBook-Air.local"},{"name":"thread","value":"3057@Dheenathayalans-MacBook-Air.local.TestNG-tests-1(15)"},{"name":"feature","value":"Register"},{"name":"story","value":"Verify if user able to register with special characters in username"},{"name":"suite","value":"Register"},{"name":"testClass","value":"Verify if user able to register with special characters in username"},{"name":"framework","value":"cucumber4jvm"},{"name":"language","value":"java"},{"name":"gherkin_uri","value":"file:///Users/mathumathibalakrishnan/eclipse/Mathumathi_2024/cucumberdsAlgo/src/test/resources/features/01_DSAlgoRegister.feature"},{"name":"package","value":"src.test.resources.features.01_DSAlgoRegister_feature.Register"},{"name":"resultFormat","value":"allure2"}],"parameters":[],"links":[],"hidden":false,"retry":false,"extra":{"severity":"normal","retries":[{"uid":"19b946992027cc15","status":"failed","statusDetails":"expected [Please fill out this field.] but found []","time":{"start":1724225931486,"stop":1724225942137,"duration":10651}}],"categories":[{"name":"Product defects","matchedStatuses":[],"flaky":false}],"tags":["regression","sanity"]},"source":"91289ef39dfd8115.json","parameterValues":[]}