<html>
<head>
<title>TestNG:  DSAlgo Project Execution</title>
<link href="../testng.css" rel="stylesheet" type="text/css" />
<link href="../my-testng.css" rel="stylesheet" type="text/css" />

<style type="text/css">
.log { display: none;} 
.stack-trace { display: none;} 
</style>
<script type="text/javascript">
<!--
function flip(e) {
  current = e.style.display;
  if (current == 'block') {
    e.style.display = 'none';
    return 0;
  }
  else {
    e.style.display = 'block';
    return 1;
  }
}

function toggleBox(szDivId, elem, msg1, msg2)
{
  var res = -1;  if (document.getElementById) {
    res = flip(document.getElementById(szDivId));
  }
  else if (document.all) {
    // this is the way old msie versions work
    res = flip(document.all[szDivId]);
  }
  if(elem) {
    if(res == 0) elem.innerHTML = msg1; else elem.innerHTML = msg2;
  }

}

function toggleAllBoxes() {
  if (document.getElementsByTagName) {
    d = document.getElementsByTagName('div');
    for (i = 0; i < d.length; i++) {
      if (d[i].className == 'log') {
        flip(d[i]);
      }
    }
  }
}

// -->
</script>

</head>
<body>
<h2 align='center'>DSAlgo Project Execution</h2><table border='1' align="center">
<tr>
<td>Tests passed/Failed/Skipped:</td><td>4/4/0</td>
</tr><tr>
<td>Started on:</td><td>Wed Aug 21 12:53:34 IST 2024</td>
</tr>
<tr><td>Total time:</td><td>99 seconds (99939 ms)</td>
</tr><tr>
<td>Included groups:</td><td></td>
</tr><tr>
<td>Excluded groups:</td><td></td>
</tr>
</table><p/>
<small><i>(Hover the method name to see the test class name)</i></small><p/>
<table width='100%' border='1' class='invocation-failed'>
<tr><td colspan='4' align='center'><b>FAILED TESTS</b></td></tr>
<tr><td><b>Test method</b></td>
<td><b>Attribute(s)</b></td>
<td width="30%"><b>Exception</b></td>
<td width="10%"><b>Time (seconds)</b></td>
<td><b>Instance</b></td>
</tr>
<tr>
<td title='testrunner.TestRunner.runScenario()'><b>runScenario</b><br>Test class: testrunner.TestRunner<br>Test method: Runs Cucumber Scenarios<br>Parameters: "Verify if user able to register with special characters in username", "Register"</td>
<td><div><pre>java.lang.AssertionError: expected [Please fill out this field.] but found []
	at stepdefinition.DSalgoRegisterStepDefinition.the_user_should_see_error_msg_after_entering_invalid_data_in_username_field(DSalgoRegisterStepDefinition.java:136)
	at ✽.The user should see error msg after entering invalid data in username field(file:///Users/mathumathibalakrishnan/eclipse/Mathumathi_2024/cucumberdsAlgo/src/test/resources/features/01_DSAlgoRegister.feature:26)
... Removed 6 stack frames</pre></div><a href='#' onClick='toggleBox("stack-trace1255480391", this, "Click to show all stack frames", "Click to hide stack frames")'>Click to show all stack frames</a>
<div class='stack-trace' id='stack-trace1255480391'><pre>java.lang.AssertionError: expected [Please fill out this field.] but found []
	at org.testng.Assert.fail(Assert.java:111)
	at org.testng.Assert.failNotEquals(Assert.java:1578)
	at org.testng.Assert.assertEqualsImpl(Assert.java:150)
	at org.testng.Assert.assertEquals(Assert.java:132)
	at org.testng.Assert.assertEquals(Assert.java:656)
	at org.testng.Assert.assertEquals(Assert.java:666)
	at stepdefinition.DSalgoRegisterStepDefinition.the_user_should_see_error_msg_after_entering_invalid_data_in_username_field(DSalgoRegisterStepDefinition.java:136)
	at ✽.The user should see error msg after entering invalid data in username field(file:///Users/mathumathibalakrishnan/eclipse/Mathumathi_2024/cucumberdsAlgo/src/test/resources/features/01_DSAlgoRegister.feature:26)
</pre></div></td>
<td>10</td>
<td>testrunner.TestRunner@1500b2f3</td></tr>
<tr>
<td title='testrunner.TestRunner.runScenario()'><b>runScenario</b><br>Test class: testrunner.TestRunner<br>Test method: Runs Cucumber Scenarios<br>Parameters: "Verify if user able to register with password less than 8", "Register"</td>
<td><div><pre>java.lang.AssertionError: expected [Please fill out this field.] but found []
	at stepdefinition.DSalgoRegisterStepDefinition.the_user_should_see_error_msg_after_entering_invalid_data_in_password_field(DSalgoRegisterStepDefinition.java:148)
	at ✽.The user should see error msg after entering invalid data in password field(file:///Users/mathumathibalakrishnan/eclipse/Mathumathi_2024/cucumberdsAlgo/src/test/resources/features/01_DSAlgoRegister.feature:36)
... Removed 6 stack frames</pre></div><a href='#' onClick='toggleBox("stack-trace873844886", this, "Click to show all stack frames", "Click to hide stack frames")'>Click to show all stack frames</a>
<div class='stack-trace' id='stack-trace873844886'><pre>java.lang.AssertionError: expected [Please fill out this field.] but found []
	at org.testng.Assert.fail(Assert.java:111)
	at org.testng.Assert.failNotEquals(Assert.java:1578)
	at org.testng.Assert.assertEqualsImpl(Assert.java:150)
	at org.testng.Assert.assertEquals(Assert.java:132)
	at org.testng.Assert.assertEquals(Assert.java:656)
	at org.testng.Assert.assertEquals(Assert.java:666)
	at stepdefinition.DSalgoRegisterStepDefinition.the_user_should_see_error_msg_after_entering_invalid_data_in_password_field(DSalgoRegisterStepDefinition.java:148)
	at ✽.The user should see error msg after entering invalid data in password field(file:///Users/mathumathibalakrishnan/eclipse/Mathumathi_2024/cucumberdsAlgo/src/test/resources/features/01_DSAlgoRegister.feature:36)
</pre></div></td>
<td>11</td>
<td>testrunner.TestRunner@1500b2f3</td></tr>
<tr>
<td title='testrunner.TestRunner.runScenario()'><b>runScenario</b><br>Test class: testrunner.TestRunner<br>Test method: Runs Cucumber Scenarios<br>Parameters: "Verify if user able to register with valid data", "Register"</td>
<td><div><pre>java.lang.AssertionError: expected [New Account Created. You are logged in as mathuanu] but found [password_mismatch:The two password fields didn’t match.]
	at stepdefinition.DSalgoRegisterStepDefinition.the_user_should_be_redirected_to_home_page_of_ds_algo_and_the_user_should_able_to_see_successful_message_on_the_ds_algo_home_page(DSalgoRegisterStepDefinition.java:218)
	at ✽.The user should be redirected to Home Page of DS Algo and The user should able to see  successful message &quot;New Account Created. You are logged in as teamchallengers&quot;  on  the DS Algo Home Page(file:///Users/mathumathibalakrishnan/eclipse/Mathumathi_2024/cucumberdsAlgo/src/test/resources/features/01_DSAlgoRegister.feature:46)
... Removed 6 stack frames</pre></div><a href='#' onClick='toggleBox("stack-trace1537807038", this, "Click to show all stack frames", "Click to hide stack frames")'>Click to show all stack frames</a>
<div class='stack-trace' id='stack-trace1537807038'><pre>java.lang.AssertionError: expected [New Account Created. You are logged in as mathuanu] but found [password_mismatch:The two password fields didn’t match.]
	at org.testng.Assert.fail(Assert.java:111)
	at org.testng.Assert.failNotEquals(Assert.java:1578)
	at org.testng.Assert.assertEqualsImpl(Assert.java:150)
	at org.testng.Assert.assertEquals(Assert.java:132)
	at org.testng.Assert.assertEquals(Assert.java:656)
	at org.testng.Assert.assertEquals(Assert.java:666)
	at stepdefinition.DSalgoRegisterStepDefinition.the_user_should_be_redirected_to_home_page_of_ds_algo_and_the_user_should_able_to_see_successful_message_on_the_ds_algo_home_page(DSalgoRegisterStepDefinition.java:218)
	at ✽.The user should be redirected to Home Page of DS Algo and The user should able to see  successful message &quot;New Account Created. You are logged in as teamchallengers&quot;  on  the DS Algo Home Page(file:///Users/mathumathibalakrishnan/eclipse/Mathumathi_2024/cucumberdsAlgo/src/test/resources/features/01_DSAlgoRegister.feature:46)
</pre></div></td>
<td>14</td>
<td>testrunner.TestRunner@1500b2f3</td></tr>
<tr>
<td title='testrunner.TestRunner.runScenario()'><b>runScenario</b><br>Test class: testrunner.TestRunner<br>Test method: Runs Cucumber Scenarios<br>Parameters: "Verify if user able to register with numeric data in password", "Register"</td>
<td><div><pre>java.lang.AssertionError: expected [Please fill out this field.] but found []
	at stepdefinition.DSalgoRegisterStepDefinition.the_user_should_see_error_msg_after_entering_invalid_data_in_password_field(DSalgoRegisterStepDefinition.java:148)
	at ✽.The user should see error msg after entering invalid data in password field(file:///Users/mathumathibalakrishnan/eclipse/Mathumathi_2024/cucumberdsAlgo/src/test/resources/features/01_DSAlgoRegister.feature:31)
... Removed 6 stack frames</pre></div><a href='#' onClick='toggleBox("stack-trace981012263", this, "Click to show all stack frames", "Click to hide stack frames")'>Click to show all stack frames</a>
<div class='stack-trace' id='stack-trace981012263'><pre>java.lang.AssertionError: expected [Please fill out this field.] but found []
	at org.testng.Assert.fail(Assert.java:111)
	at org.testng.Assert.failNotEquals(Assert.java:1578)
	at org.testng.Assert.assertEqualsImpl(Assert.java:150)
	at org.testng.Assert.assertEquals(Assert.java:132)
	at org.testng.Assert.assertEquals(Assert.java:656)
	at org.testng.Assert.assertEquals(Assert.java:666)
	at stepdefinition.DSalgoRegisterStepDefinition.the_user_should_see_error_msg_after_entering_invalid_data_in_password_field(DSalgoRegisterStepDefinition.java:148)
	at ✽.The user should see error msg after entering invalid data in password field(file:///Users/mathumathibalakrishnan/eclipse/Mathumathi_2024/cucumberdsAlgo/src/test/resources/features/01_DSAlgoRegister.feature:31)
</pre></div></td>
<td>10</td>
<td>testrunner.TestRunner@1500b2f3</td></tr>
</table><p>
<table width='100%' border='1' class='invocation-passed'>
<tr><td colspan='4' align='center'><b>PASSED TESTS</b></td></tr>
<tr><td><b>Test method</b></td>
<td><b>Attribute(s)</b></td>
<td width="30%"><b>Exception</b></td>
<td width="10%"><b>Time (seconds)</b></td>
<td><b>Instance</b></td>
</tr>
<tr>
<td title='testrunner.TestRunner.runScenario()'><b>runScenario</b><br>Test class: testrunner.TestRunner<br>Test method: Runs Cucumber Scenarios<br>Parameters: "Verify if user able to register with different passwords in password and password confirmation fields", "Register"</td>
<td></td>
<td>13</td>
<td>testrunner.TestRunner@1500b2f3</td></tr>
<tr>
<td title='testrunner.TestRunner.runScenario()'><b>runScenario</b><br>Test class: testrunner.TestRunner<br>Test method: Runs Cucumber Scenarios<br>Parameters: "Verify if user able to register with valid username and other fields empty", "Register"</td>
<td></td>
<td>10</td>
<td>testrunner.TestRunner@1500b2f3</td></tr>
<tr>
<td title='testrunner.TestRunner.runScenario()'><b>runScenario</b><br>Test class: testrunner.TestRunner<br>Test method: Runs Cucumber Scenarios<br>Parameters: "Verify if user able to register with all empty fields", "Register"</td>
<td></td>
<td>16</td>
<td>testrunner.TestRunner@1500b2f3</td></tr>
<tr>
<td title='testrunner.TestRunner.runScenario()'><b>runScenario</b><br>Test class: testrunner.TestRunner<br>Test method: Runs Cucumber Scenarios<br>Parameters: "Verify if user able to register with valid username and valid password but other field empty", "Register"</td>
<td></td>
<td>10</td>
<td>testrunner.TestRunner@1500b2f3</td></tr>
</table><p>
</body>
</html>