{"uuid":"4e78446c-93f7-4203-9797-dbfc6bb2e6e9","historyId":"a3592cd26182315451520343e20f3de6","fullName":"src/test/resources/features/01_DSAlgoRegister.feature:26","labels":[{"name":"tag","value":"regression"},{"name":"host","value":"Dheenathayalans-MacBook-Air.local"},{"name":"thread","value":"5746@Dheenathayalans-MacBook-Air.local.TestNG-tests-1(15)"},{"name":"feature","value":"Register"},{"name":"story","value":"Verify if user able to register with special characters in username"},{"name":"suite","value":"Register"},{"name":"testClass","value":"Verify if user able to register with special characters in username"},{"name":"framework","value":"cucumber4jvm"},{"name":"language","value":"java"},{"name":"gherkin_uri","value":"file:///Users/mathumathibalakrishnan/eclipse/Mathumathi_2024/cucumberdsAlgo/src/test/resources/features/01_DSAlgoRegister.feature"},{"name":"package","value":"src.test.resources.features.01_DSAlgoRegister_feature.Register"}],"links":[],"name":"Verify if user able to register with special characters in username","status":"failed","statusDetails":{"known":false,"muted":false,"flaky":false,"message":"expected [Please fill out this field.] but found []","trace":"java.lang.AssertionError: expected [Please fill out this field.] but found []\n\tat org.testng.Assert.fail(Assert.java:111)\n\tat org.testng.Assert.failNotEquals(Assert.java:1578)\n\tat org.testng.Assert.assertEqualsImpl(Assert.java:150)\n\tat org.testng.Assert.assertEquals(Assert.java:132)\n\tat org.testng.Assert.assertEquals(Assert.java:656)\n\tat org.testng.Assert.assertEquals(Assert.java:666)\n\tat stepdefinition.DSalgoRegisterStepDefinition.the_user_should_see_error_msg_after_entering_invalid_data_in_username_field(DSalgoRegisterStepDefinition.java:122)\n\tat ✽.The user should see error msg after entering invalid data in username field(file:///Users/mathumathibalakrishnan/eclipse/Mathumathi_2024/cucumberdsAlgo/src/test/resources/features/01_DSAlgoRegister.feature:29)\n"},"stage":"finished","steps":[{"name":"Given  The user is on the new user registration page","status":"passed","statusDetails":{"known":false,"muted":false,"flaky":false},"stage":"finished","steps":[],"attachments":[],"parameters":[],"start":1724237301114,"stop":1724237305873},{"name":"When  The user clicks Register button after entering a username with spacebar characters","status":"passed","statusDetails":{"known":false,"muted":false,"flaky":false},"stage":"finished","steps":[],"attachments":[],"parameters":[],"start":1724237305876,"stop":1724237307708},{"name":"Then  The user should see error msg after entering invalid data in username field","status":"failed","statusDetails":{"known":false,"muted":false,"flaky":false,"message":"expected [Please fill out this field.] but found []","trace":"java.lang.AssertionError: expected [Please fill out this field.] but found []\n\tat org.testng.Assert.fail(Assert.java:111)\n\tat org.testng.Assert.failNotEquals(Assert.java:1578)\n\tat org.testng.Assert.assertEqualsImpl(Assert.java:150)\n\tat org.testng.Assert.assertEquals(Assert.java:132)\n\tat org.testng.Assert.assertEquals(Assert.java:656)\n\tat org.testng.Assert.assertEquals(Assert.java:666)\n\tat stepdefinition.DSalgoRegisterStepDefinition.the_user_should_see_error_msg_after_entering_invalid_data_in_username_field(DSalgoRegisterStepDefinition.java:122)\n\tat ✽.The user should see error msg after entering invalid data in username field(file:///Users/mathumathibalakrishnan/eclipse/Mathumathi_2024/cucumberdsAlgo/src/test/resources/features/01_DSAlgoRegister.feature:29)\n"},"stage":"finished","steps":[],"attachments":[],"parameters":[],"start":1724237307709,"stop":1724237307955}],"attachments":[],"parameters":[],"start":1724237296040,"stop":1724237308598}