{"uuid":"811923f3-ced8-4261-b08b-64b04f60e99e","historyId":"7a0a3eafb1f9a9f27e7b68dfcfd5af7e","fullName":"src/test/resources/features/05_Array.feature:428","labels":[{"name":"tag","value":"regression"},{"name":"host","value":"Dheenathayalans-MacBook-Air.local"},{"name":"thread","value":"7293@Dheenathayalans-MacBook-Air.local.TestNG-tests-1(15)"},{"name":"feature","value":"Array"},{"name":"story","value":"Verify if user to see the error msg in pop up window"},{"name":"suite","value":"Array"},{"name":"testClass","value":"Verify if user to see the error msg in pop up window"},{"name":"framework","value":"cucumber4jvm"},{"name":"language","value":"java"},{"name":"gherkin_uri","value":"file:///Users/mathumathibalakrishnan/eclipse/Mathumathi_2024/cucumberdsAlgo/src/test/resources/features/05_Array.feature"},{"name":"package","value":"src.test.resources.features.05_Array_feature.Array"}],"links":[],"name":"Verify if user to see the error msg in pop up window","status":"broken","statusDetails":{"known":false,"muted":false,"flaky":false,"message":"no such window: target window already closed\nfrom unknown error: web view not found\n  (Session info: chrome=127.0.6533.120)\nBuild info: version: '4.16.1', revision: '9b4c83354e'\nSystem info: os.name: 'Mac OS X', os.arch: 'x86_64', os.version: '14.6', java.version: '17.0.9'\nDriver info: org.openqa.selenium.chrome.ChromeDriver\nCommand: [e1fc8598c77291638d3d034242a607c1, executeScript {script=return document.evaluate(\"//a[normalize-space()='Sign in']\", document, null, XPathResult.FIRST_ORDERED_NODE_TYPE, null).singleNodeValue != null;, args=[]}]\nCapabilities {acceptInsecureCerts: false, browserName: chrome, browserVersion: 127.0.6533.120, chrome: {chromedriverVersion: 127.0.6533.119 (bdef6783a05..., userDataDir: /var/folders/14/9snw41b17dg...}, fedcm:accounts: true, goog:chromeOptions: {debuggerAddress: localhost:56135}, networkConnectionEnabled: false, pageLoadStrategy: normal, platformName: mac, proxy: Proxy(), se:cdp: ws://localhost:56135/devtoo..., se:cdpVersion: 127.0.6533.120, setWindowRect: true, strictFileInteractability: false, timeouts: {implicit: 0, pageLoad: 300000, script: 30000}, unhandledPromptBehavior: dismiss and notify, webauthn:extension:credBlob: true, webauthn:extension:largeBlob: true, webauthn:extension:minPinLength: true, webauthn:extension:prf: true, webauthn:virtualAuthenticators: true}\nSession ID: e1fc8598c77291638d3d034242a607c1","trace":"org.openqa.selenium.NoSuchWindowException: no such window: target window already closed\nfrom unknown error: web view not found\n  (Session info: chrome=127.0.6533.120)\nBuild info: version: '4.16.1', revision: '9b4c83354e'\nSystem info: os.name: 'Mac OS X', os.arch: 'x86_64', os.version: '14.6', java.version: '17.0.9'\nDriver info: org.openqa.selenium.chrome.ChromeDriver\nCommand: [e1fc8598c77291638d3d034242a607c1, executeScript {script=return document.evaluate(\"//a[normalize-space()='Sign in']\", document, null, XPathResult.FIRST_ORDERED_NODE_TYPE, null).singleNodeValue != null;, args=[]}]\nCapabilities {acceptInsecureCerts: false, browserName: chrome, browserVersion: 127.0.6533.120, chrome: {chromedriverVersion: 127.0.6533.119 (bdef6783a05..., userDataDir: /var/folders/14/9snw41b17dg...}, fedcm:accounts: true, goog:chromeOptions: {debuggerAddress: localhost:56135}, networkConnectionEnabled: false, pageLoadStrategy: normal, platformName: mac, proxy: Proxy(), se:cdp: ws://localhost:56135/devtoo..., se:cdpVersion: 127.0.6533.120, setWindowRect: true, strictFileInteractability: false, timeouts: {implicit: 0, pageLoad: 300000, script: 30000}, unhandledPromptBehavior: dismiss and notify, webauthn:extension:credBlob: true, webauthn:extension:largeBlob: true, webauthn:extension:minPinLength: true, webauthn:extension:prf: true, webauthn:virtualAuthenticators: true}\nSession ID: e1fc8598c77291638d3d034242a607c1\n\tat java.base/jdk.internal.reflect.NativeConstructorAccessorImpl.newInstance0(Native Method)\n\tat java.base/jdk.internal.reflect.NativeConstructorAccessorImpl.newInstance(NativeConstructorAccessorImpl.java:77)\n\tat java.base/jdk.internal.reflect.DelegatingConstructorAccessorImpl.newInstance(DelegatingConstructorAccessorImpl.java:45)\n\tat java.base/java.lang.reflect.Constructor.newInstanceWithCaller(Constructor.java:499)\n\tat java.base/java.lang.reflect.Constructor.newInstance(Constructor.java:480)\n\tat org.openqa.selenium.remote.codec.w3c.W3CHttpResponseCodec.createException(W3CHttpResponseCodec.java:200)\n\tat org.openqa.selenium.remote.codec.w3c.W3CHttpResponseCodec.decode(W3CHttpResponseCodec.java:133)\n\tat org.openqa.selenium.remote.codec.w3c.W3CHttpResponseCodec.decode(W3CHttpResponseCodec.java:52)\n\tat org.openqa.selenium.remote.HttpCommandExecutor.execute(HttpCommandExecutor.java:191)\n\tat org.openqa.selenium.remote.service.DriverCommandExecutor.invokeExecute(DriverCommandExecutor.java:200)\n\tat org.openqa.selenium.remote.service.DriverCommandExecutor.execute(DriverCommandExecutor.java:175)\n\tat org.openqa.selenium.remote.RemoteWebDriver.execute(RemoteWebDriver.java:523)\n\tat org.openqa.selenium.remote.RemoteWebDriver.executeScript(RemoteWebDriver.java:468)\n\tat stepdefinition.DSalgoSignInStepDefinition.the_user_is_on_the_ds_algo_sign_in_page(DSalgoSignInStepDefinition.java:45)\n\tat ✽.The user is on the DS Algo SignIn Page(file:///Users/mathumathibalakrishnan/eclipse/Mathumathi_2024/cucumberdsAlgo/src/test/resources/features/05_Array.feature:9)\n"},"stage":"finished","steps":[{"name":"Given  The user is on the DS Algo SignIn Page","status":"broken","statusDetails":{"known":false,"muted":false,"flaky":false,"message":"no such window: target window already closed\nfrom unknown error: web view not found\n  (Session info: chrome=127.0.6533.120)\nBuild info: version: '4.16.1', revision: '9b4c83354e'\nSystem info: os.name: 'Mac OS X', os.arch: 'x86_64', os.version: '14.6', java.version: '17.0.9'\nDriver info: org.openqa.selenium.chrome.ChromeDriver\nCommand: [e1fc8598c77291638d3d034242a607c1, executeScript {script=return document.evaluate(\"//a[normalize-space()='Sign in']\", document, null, XPathResult.FIRST_ORDERED_NODE_TYPE, null).singleNodeValue != null;, args=[]}]\nCapabilities {acceptInsecureCerts: false, browserName: chrome, browserVersion: 127.0.6533.120, chrome: {chromedriverVersion: 127.0.6533.119 (bdef6783a05..., userDataDir: /var/folders/14/9snw41b17dg...}, fedcm:accounts: true, goog:chromeOptions: {debuggerAddress: localhost:56135}, networkConnectionEnabled: false, pageLoadStrategy: normal, platformName: mac, proxy: Proxy(), se:cdp: ws://localhost:56135/devtoo..., se:cdpVersion: 127.0.6533.120, setWindowRect: true, strictFileInteractability: false, timeouts: {implicit: 0, pageLoad: 300000, script: 30000}, unhandledPromptBehavior: dismiss and notify, webauthn:extension:credBlob: true, webauthn:extension:largeBlob: true, webauthn:extension:minPinLength: true, webauthn:extension:prf: true, webauthn:virtualAuthenticators: true}\nSession ID: e1fc8598c77291638d3d034242a607c1","trace":"org.openqa.selenium.NoSuchWindowException: no such window: target window already closed\nfrom unknown error: web view not found\n  (Session info: chrome=127.0.6533.120)\nBuild info: version: '4.16.1', revision: '9b4c83354e'\nSystem info: os.name: 'Mac OS X', os.arch: 'x86_64', os.version: '14.6', java.version: '17.0.9'\nDriver info: org.openqa.selenium.chrome.ChromeDriver\nCommand: [e1fc8598c77291638d3d034242a607c1, executeScript {script=return document.evaluate(\"//a[normalize-space()='Sign in']\", document, null, XPathResult.FIRST_ORDERED_NODE_TYPE, null).singleNodeValue != null;, args=[]}]\nCapabilities {acceptInsecureCerts: false, browserName: chrome, browserVersion: 127.0.6533.120, chrome: {chromedriverVersion: 127.0.6533.119 (bdef6783a05..., userDataDir: /var/folders/14/9snw41b17dg...}, fedcm:accounts: true, goog:chromeOptions: {debuggerAddress: localhost:56135}, networkConnectionEnabled: false, pageLoadStrategy: normal, platformName: mac, proxy: Proxy(), se:cdp: ws://localhost:56135/devtoo..., se:cdpVersion: 127.0.6533.120, setWindowRect: true, strictFileInteractability: false, timeouts: {implicit: 0, pageLoad: 300000, script: 30000}, unhandledPromptBehavior: dismiss and notify, webauthn:extension:credBlob: true, webauthn:extension:largeBlob: true, webauthn:extension:minPinLength: true, webauthn:extension:prf: true, webauthn:virtualAuthenticators: true}\nSession ID: e1fc8598c77291638d3d034242a607c1\n\tat java.base/jdk.internal.reflect.NativeConstructorAccessorImpl.newInstance0(Native Method)\n\tat java.base/jdk.internal.reflect.NativeConstructorAccessorImpl.newInstance(NativeConstructorAccessorImpl.java:77)\n\tat java.base/jdk.internal.reflect.DelegatingConstructorAccessorImpl.newInstance(DelegatingConstructorAccessorImpl.java:45)\n\tat java.base/java.lang.reflect.Constructor.newInstanceWithCaller(Constructor.java:499)\n\tat java.base/java.lang.reflect.Constructor.newInstance(Constructor.java:480)\n\tat org.openqa.selenium.remote.codec.w3c.W3CHttpResponseCodec.createException(W3CHttpResponseCodec.java:200)\n\tat org.openqa.selenium.remote.codec.w3c.W3CHttpResponseCodec.decode(W3CHttpResponseCodec.java:133)\n\tat org.openqa.selenium.remote.codec.w3c.W3CHttpResponseCodec.decode(W3CHttpResponseCodec.java:52)\n\tat org.openqa.selenium.remote.HttpCommandExecutor.execute(HttpCommandExecutor.java:191)\n\tat org.openqa.selenium.remote.service.DriverCommandExecutor.invokeExecute(DriverCommandExecutor.java:200)\n\tat org.openqa.selenium.remote.service.DriverCommandExecutor.execute(DriverCommandExecutor.java:175)\n\tat org.openqa.selenium.remote.RemoteWebDriver.execute(RemoteWebDriver.java:523)\n\tat org.openqa.selenium.remote.RemoteWebDriver.executeScript(RemoteWebDriver.java:468)\n\tat stepdefinition.DSalgoSignInStepDefinition.the_user_is_on_the_ds_algo_sign_in_page(DSalgoSignInStepDefinition.java:45)\n\tat ✽.The user is on the DS Algo SignIn Page(file:///Users/mathumathibalakrishnan/eclipse/Mathumathi_2024/cucumberdsAlgo/src/test/resources/features/05_Array.feature:9)\n"},"stage":"finished","steps":[],"attachments":[],"parameters":[],"start":1724243498669,"stop":1724243499467},{"name":"When  The user clicks login button after entering valid \"username\" and valid \"password\"","status":"skipped","statusDetails":{"known":false,"muted":false,"flaky":false},"stage":"finished","steps":[],"attachments":[],"parameters":[],"start":1724243499469,"stop":1724243499470},{"name":"Then  The user should land in Data Structure Home Page","status":"skipped","statusDetails":{"known":false,"muted":false,"flaky":false},"stage":"finished","steps":[],"attachments":[],"parameters":[],"start":1724243499471,"stop":1724243499471},{"name":"Given  The user is on the Arrays practice page tryEditor page","status":"skipped","statusDetails":{"known":false,"muted":false,"flaky":false},"stage":"finished","steps":[],"attachments":[],"parameters":[],"start":1724243499474,"stop":1724243499474},{"name":"When  The user writes invalid python code in array practice page page","status":"skipped","statusDetails":{"known":false,"muted":false,"flaky":false},"stage":"finished","steps":[],"attachments":[],"parameters":[],"start":1724243499475,"stop":1724243499476},{"name":"And  Click the Run button in array page","status":"skipped","statusDetails":{"known":false,"muted":false,"flaky":false},"stage":"finished","steps":[],"attachments":[],"parameters":[],"start":1724243499477,"stop":1724243499478},{"name":"Then  User is able to see the error msg in Arrays practice page pop up window","status":"skipped","statusDetails":{"known":false,"muted":false,"flaky":false},"stage":"finished","steps":[],"attachments":[],"parameters":[],"start":1724243499481,"stop":1724243499481}],"attachments":[],"parameters":[],"start":1724243493492,"stop":1724243499495}