{"uuid":"d3e1f0b0-a611-484e-ad9b-0b71ca189d46","historyId":"578f930b884f41e68296ff366dafde3f","fullName":"src/test/resources/features/01_DSAlgoRegister.feature:23","labels":[{"name":"tag","value":"sanity"},{"name":"tag","value":"regression"},{"name":"host","value":"Dheenathayalans-MacBook-Air.local"},{"name":"thread","value":"1199@Dheenathayalans-MacBook-Air.local.TestNG-PoolService-3(20)"},{"name":"feature","value":"Register"},{"name":"story","value":"Verify if user able to register with special characters in username"},{"name":"suite","value":"Register"},{"name":"testClass","value":"Verify if user able to register with special characters in username"},{"name":"framework","value":"cucumber4jvm"},{"name":"language","value":"java"},{"name":"gherkin_uri","value":"file:///Users/mathumathibalakrishnan/eclipse/Mathumathi_2024/cucumberdsAlgo/src/test/resources/features/01_DSAlgoRegister.feature"},{"name":"package","value":"src.test.resources.features.01_DSAlgoRegister_feature.Register"}],"links":[],"name":"Verify if user able to register with special characters in username","status":"failed","statusDetails":{"known":false,"muted":false,"flaky":false,"message":"expected [Please fill out this field.] but found []","trace":"java.lang.AssertionError: expected [Please fill out this field.] but found []\n\tat org.testng.Assert.fail(Assert.java:111)\n\tat org.testng.Assert.failNotEquals(Assert.java:1578)\n\tat org.testng.Assert.assertEqualsImpl(Assert.java:150)\n\tat org.testng.Assert.assertEquals(Assert.java:132)\n\tat org.testng.Assert.assertEquals(Assert.java:656)\n\tat org.testng.Assert.assertEquals(Assert.java:666)\n\tat stepdefinition.DSalgoRegisterStepDefinition.the_user_should_see_error_msg_after_entering_invalid_data_in_username_field(DSalgoRegisterStepDefinition.java:136)\n\tat ✽.The user should see error msg after entering invalid data in username field(file:///Users/mathumathibalakrishnan/eclipse/Mathumathi_2024/cucumberdsAlgo/src/test/resources/features/01_DSAlgoRegister.feature:26)\n"},"stage":"finished","steps":[{"name":"Given  The user is on the new user registration page","status":"passed","statusDetails":{"known":false,"muted":false,"flaky":false},"stage":"finished","steps":[],"attachments":[],"parameters":[],"start":1724114610157,"stop":1724114612357},{"name":"When  The user clicks Register button after entering a username with spacebar characters","status":"passed","statusDetails":{"known":false,"muted":false,"flaky":false},"stage":"finished","steps":[],"attachments":[],"parameters":[],"start":1724114612394,"stop":1724114630740},{"name":"Then  The user should see error msg after entering invalid data in username field","status":"failed","statusDetails":{"known":false,"muted":false,"flaky":false,"message":"expected [Please fill out this field.] but found []","trace":"java.lang.AssertionError: expected [Please fill out this field.] but found []\n\tat org.testng.Assert.fail(Assert.java:111)\n\tat org.testng.Assert.failNotEquals(Assert.java:1578)\n\tat org.testng.Assert.assertEqualsImpl(Assert.java:150)\n\tat org.testng.Assert.assertEquals(Assert.java:132)\n\tat org.testng.Assert.assertEquals(Assert.java:656)\n\tat org.testng.Assert.assertEquals(Assert.java:666)\n\tat stepdefinition.DSalgoRegisterStepDefinition.the_user_should_see_error_msg_after_entering_invalid_data_in_username_field(DSalgoRegisterStepDefinition.java:136)\n\tat ✽.The user should see error msg after entering invalid data in username field(file:///Users/mathumathibalakrishnan/eclipse/Mathumathi_2024/cucumberdsAlgo/src/test/resources/features/01_DSAlgoRegister.feature:26)\n"},"stage":"finished","steps":[],"attachments":[],"parameters":[],"start":1724114630881,"stop":1724114639409}],"attachments":[],"parameters":[],"start":1724114591671,"stop":1724114641283}